{"@timestamp":"2025-07-15T19:51:41.055+08:00","caller":"prometheus/agent.go:40","content":"Starting prometheus agent at 0.0.0.0:4009","level":"info"}
{"@timestamp":"2025-07-18T13:43:46.423+08:00","caller":"middleware/permissionmiddleware.go:33","content":"debug: - method: GET, path: /v1/user/info","level":"info"}
{"@timestamp":"2025-07-18T13:43:46.435+08:00","caller":"sqlx/stmt.go:274","content":"sql query: select permission_name from t_api_permission inner join t_apis on method = 'GET' and path = '/v1/user/info' and code = api_code","duration":"4.8ms","level":"info","span":"4846678d0c2db6a4","trace":"d65b7f80b7a7f7c1e4069db98d3a2c52"}
{"@timestamp":"2025-07-18T13:43:46.435+08:00","caller":"middleware/permissionmiddleware.go:35","content":"debug: - permissionName: operation:user:view","level":"info"}
{"@timestamp":"2025-07-18T13:43:46.435+08:00","caller":"middleware/permissionmiddleware.go:47","content":"debug: - userId: 1","level":"info"}
{"@timestamp":"2025-07-18T13:43:46.438+08:00","caller":"sqlx/stmt.go:274","content":"sql query: select permission_name from t_admin_user_role inner join t_role on user_id = 1 and t_role.id = role_id inner join t_role_permission on name = role_name","duration":"3.1ms","level":"info","span":"7ce2bda0dc82b136","trace":"d65b7f80b7a7f7c1e4069db98d3a2c52"}
{"@timestamp":"2025-07-18T13:43:46.438+08:00","caller":"middleware/permissionmiddleware.go:49","content":"debug: - permissionNames: []","level":"info"}
{"@timestamp":"2025-07-18T13:43:46.439+08:00","caller":"handler/loghandler.go:147","content":"[HTTP] 200 - GET /v1/user/info - [::1]:52219 - PostmanRuntime/7.43.3","duration":"16.3ms","level":"info","span":"670deeeda2c20a06","trace":"d65b7f80b7a7f7c1e4069db98d3a2c52"}
{"@timestamp":"2025-07-18T13:44:33.845+08:00","caller":"middleware/permissionmiddleware.go:33","content":"debug: - method: GET, path: /v1/user/info","level":"info"}
{"@timestamp":"2025-07-18T13:44:33.847+08:00","caller":"sqlx/stmt.go:274","content":"sql query: select permission_name from t_api_permission inner join t_apis on method = 'GET' and path = '/v1/user/info' and code = api_code","duration":"1.8ms","level":"info","span":"1b98d559c5b9caaa","trace":"18814491c3bec479a816120c9a36fb57"}
{"@timestamp":"2025-07-18T13:44:33.847+08:00","caller":"middleware/permissionmiddleware.go:35","content":"debug: - permissionName: operation:user:view","level":"info"}
{"@timestamp":"2025-07-18T13:44:33.847+08:00","caller":"middleware/permissionmiddleware.go:47","content":"debug: - userId: 1","level":"info"}
{"@timestamp":"2025-07-18T13:44:33.847+08:00","caller":"sqlx/stmt.go:274","content":"sql query: select permission_name from t_admin_user_role inner join t_role on user_id = 1 and t_role.id = role_id inner join t_role_permission on name = role_name","duration":"0.6ms","level":"info","span":"393d6ea54c8d97ab","trace":"18814491c3bec479a816120c9a36fb57"}
{"@timestamp":"2025-07-18T13:44:33.847+08:00","caller":"middleware/permissionmiddleware.go:49","content":"debug: - permissionNames: []","level":"info"}
{"@timestamp":"2025-07-18T13:44:33.847+08:00","caller":"handler/loghandler.go:147","content":"[HTTP] 200 - GET /v1/user/info - [::1]:52344 - PostmanRuntime/7.43.3","duration":"2.8ms","level":"info","span":"7fd15c6a1ff0aa40","trace":"18814491c3bec479a816120c9a36fb57"}
{"@timestamp":"2025-07-18T13:45:33.518+08:00","caller":"proc/shutdown.go:84","content":"Got signal 2, shutting down...","level":"info"}
{"@timestamp":"2025-07-18T13:45:50.222+08:00","caller":"middleware/permissionmiddleware.go:33","content":"debug: - method: GET, path: /v1/user/info","level":"info"}
{"@timestamp":"2025-07-18T13:45:50.235+08:00","caller":"sqlx/stmt.go:274","content":"sql query: select permission_name from t_api_permission inner join t_apis on method = 'GET' and path = '/v1/user/info' and code = api_code","duration":"4.4ms","level":"info","span":"eb921c60abf8a641","trace":"50842ae284a53dbfb507fa26b5be785c"}
{"@timestamp":"2025-07-18T13:45:50.235+08:00","caller":"middleware/permissionmiddleware.go:35","content":"debug: - permissionName: operation:user:view","level":"info"}
{"@timestamp":"2025-07-18T13:45:50.235+08:00","caller":"middleware/permissionmiddleware.go:47","content":"debug: - userId: 1","level":"info"}
{"@timestamp":"2025-07-18T13:45:50.240+08:00","caller":"sqlx/stmt.go:274","content":"sql query: select permission_name from t_admin_user_role inner join t_role on user_id = 1 and t_role.id = role_id inner join t_role_permission on name = role_name","duration":"4.3ms","level":"info","span":"2e4dd178c2615944","trace":"50842ae284a53dbfb507fa26b5be785c"}
{"@timestamp":"2025-07-18T13:45:50.240+08:00","caller":"middleware/permissionmiddleware.go:49","content":"debug: - permissionNames: []","level":"info"}
{"@timestamp":"2025-07-18T13:45:50.240+08:00","caller":"handler/loghandler.go:147","content":"[HTTP] 200 - GET /v1/user/info - [::1]:52613 - PostmanRuntime/7.43.3","duration":"17.5ms","level":"info","span":"47bffd82f952fd57","trace":"50842ae284a53dbfb507fa26b5be785c"}
{"@timestamp":"2025-07-18T14:03:38.193+08:00","caller":"proc/shutdown.go:84","content":"Got signal 2, shutting down...","level":"info"}
{"@timestamp":"2025-07-18T14:03:50.003+08:00","caller":"middleware/permissionmiddleware.go:33","content":"debug: - method: GET, path: /v1/user/info","level":"info"}
{"@timestamp":"2025-07-18T14:03:50.019+08:00","caller":"sqlx/stmt.go:274","content":"sql query: select permission_name from t_api_permission inner join t_apis on method = 'GET' and path = '/v1/user/info' and code = api_code","duration":"5.8ms","level":"info","span":"797695f952dd0ef8","trace":"8101f0893664eeef49319f72493e89a7"}
{"@timestamp":"2025-07-18T14:03:50.019+08:00","caller":"middleware/permissionmiddleware.go:35","content":"debug: - permissionName: operation:user:view","level":"info"}
{"@timestamp":"2025-07-18T14:03:50.019+08:00","caller":"middleware/permissionmiddleware.go:47","content":"debug: - userId: 1","level":"info"}
{"@timestamp":"2025-07-18T14:03:50.023+08:00","caller":"sqlx/stmt.go:274","content":"sql query: select permission_name from t_admin_user_role inner join t_role on user_id = 1 and t_role.id = role_id inner join t_role_permission on name = role_name","duration":"3.5ms","level":"info","span":"15877c641301a31e","trace":"8101f0893664eeef49319f72493e89a7"}
{"@timestamp":"2025-07-18T14:03:50.023+08:00","caller":"middleware/permissionmiddleware.go:49","content":"debug: - permissionNames: [statistic:user:read operation:user:read operation:user:create operation:user:update operation:user:delete operation:user:view employee:employee:read employee:employee:create employee:employee:update employee:employee:delete employee:employee:view employee:role:read employee:role:create employee:role:update employee:role:delete employee:role:view]","level":"info"}
{"@timestamp":"2025-07-18T14:03:50.069+08:00","caller":"handler/loghandler.go:147","content":"[HTTP] 200 - GET /v1/user/info - [::1]:56004 - PostmanRuntime/7.43.3","duration":"66.1ms","level":"info","span":"8c3e4b21e3cd1098","trace":"8101f0893664eeef49319f72493e89a7"}
{"@timestamp":"2025-07-18T14:05:49.364+08:00","caller":"proc/shutdown.go:84","content":"Got signal 2, shutting down...","level":"info"}
